{"/Users/matt.huntington/Documents/Sites/e2e-with-coverage/src/js/main.js":{"b":{},"branchMap":{},"code":["(function () { (function($){","\t$(function(){","\t\t$('h1').click(function(){","\t\t\t$('body').append('<div>added through jquery</div>');","\t\t})","\t});","})(jQuery);","}());"],"f":{"1":1,"2":1,"3":0},"fnMap":{"1":{"line":1,"loc":{"end":{"column":12,"line":1},"start":{"column":1,"line":1}},"name":"(anonymous_1)"},"2":{"line":2,"loc":{"end":{"column":13,"line":2},"start":{"column":3,"line":2}},"name":"(anonymous_2)"},"3":{"line":3,"loc":{"end":{"column":26,"line":3},"start":{"column":16,"line":3}},"name":"(anonymous_3)"}},"path":"/Users/matt.huntington/Documents/Sites/e2e-with-coverage/src/js/main.js","s":{"1":1,"2":1,"3":1,"4":0},"statementMap":{"1":{"end":{"column":11,"line":7},"start":{"column":0,"line":1}},"2":{"end":{"column":4,"line":6},"start":{"column":1,"line":2}},"3":{"end":{"column":1,"line":6},"start":{"column":2,"line":3}},"4":{"end":{"column":55,"line":4},"start":{"column":3,"line":4}}}}}